<?xml version="1.0" encoding="UTF-8"?>
<!-- Generated by org.testng.reporters.JUnitReportReporter -->
<testsuite skipped="0" hostname="DESKTOP-4RPF8CS" name="utils.ExcelDataProvider" tests="3" failures="0" timestamp="13 Mar 2019 21:25:50 GMT" time="8.137" errors="0">
  <testcase name="test1" time="2.328" classname="utils.ExcelDataProvider"/>
  <testcase name="test1" time="2.338" classname="utils.ExcelDataProvider"/>
  <testcase name="test1" time="3.471" classname="utils.ExcelDataProvider"/>
</testsuite> <!-- utils.ExcelDataProvider -->
