<?xml version="1.0" encoding="UTF-8"?>
<!-- Generated by org.testng.reporters.JUnitReportReporter -->
<testsuite skipped="0" hostname="DESKTOP-4RPF8CS" name="demo.Test1" tests="1" failures="0" timestamp="15 Mar 2019 20:06:41 GMT" time="3.654" errors="0">
  <testcase name="test1" time="3.654" classname="demo.Test1"/>
</testsuite> <!-- demo.Test1 -->
