<?xml version="1.0" encoding="UTF-8"?>
<!-- Generated by org.testng.reporters.JUnitReportReporter -->
<testsuite skipped="0" hostname="DESKTOP-4RPF8CS" name="demo.TestNGGroupsDemo" tests="2" failures="0" timestamp="14 Mar 2019 20:18:59 GMT" time="0.016" errors="0">
  <testcase name="test2" time="0.002" classname="demo.TestNGGroupsDemo"/>
  <testcase name="test1" time="0.014" classname="demo.TestNGGroupsDemo"/>
</testsuite> <!-- demo.TestNGGroupsDemo -->
