<?xml version="1.0" encoding="UTF-8"?>
<!-- Generated by org.testng.reporters.JUnitReportReporter -->
<testsuite skipped="0" hostname="DESKTOP-4RPF8CS" name="test.TestNG_Demo2" tests="1" failures="0" timestamp="13 Mar 2019 15:27:25 GMT" time="2.493" errors="0">
  <testcase name="googleSearch" time="2.493" classname="test.TestNG_Demo2"/>
</testsuite> <!-- test.TestNG_Demo2 -->
