<?xml version="1.0" encoding="UTF-8"?>
<!-- Generated by org.testng.reporters.JUnitReportReporter -->
<testsuite skipped="0" hostname="DESKTOP-4RPF8CS" name="demo.TestNGMultiBrowserDemo" tests="2" failures="0" timestamp="14 Mar 2019 19:58:55 GMT" time="11.625" errors="0">
  <testcase name="test1" time="5.478" classname="demo.TestNGMultiBrowserDemo"/>
  <testcase name="test1" time="6.147" classname="demo.TestNGMultiBrowserDemo"/>
</testsuite> <!-- demo.TestNGMultiBrowserDemo -->
