<?xml version="1.0" encoding="UTF-8"?>
<!-- Generated by org.testng.reporters.JUnitReportReporter -->
<testsuite skipped="0" hostname="DESKTOP-4RPF8CS" name="demo.TestNGPriorityDemo" tests="3" failures="0" timestamp="14 Mar 2019 14:15:40 GMT" time="0.014" errors="0">
  <testcase name="test2" time="0.011" classname="demo.TestNGPriorityDemo"/>
  <testcase name="test1" time="0.002" classname="demo.TestNGPriorityDemo"/>
  <testcase name="test3" time="0.001" classname="demo.TestNGPriorityDemo"/>
</testsuite> <!-- demo.TestNGPriorityDemo -->
